<?xml version="1.0" encoding="UTF-8"?>
<testng-results ignored="0" total="1" passed="1" failed="0" skipped="0">
  <reporter-output>
  </reporter-output>
  <suite started-at="2020-11-26T09:11:35Z" name="Default Suite" finished-at="2020-11-26T09:11:58Z" duration-ms="23254">
    <groups>
    </groups>
    <test started-at="2020-11-26T09:11:35Z" name="AppiumMaven" finished-at="2020-11-26T09:11:58Z" duration-ms="23254">
      <class name="testcases.CarTests">
        <test-method is-config="true" signature="init()[pri:0, instance:testcases.CarTests@38364841]" started-at="2020-11-26T09:11:35Z" name="init" finished-at="2020-11-26T09:11:43Z" duration-ms="8073" status="PASS">
          <reporter-output>
          </reporter-output>
        </test-method> <!-- init -->
        <test-method signature="CarE2E()[pri:1, instance:testcases.CarTests@38364841]" started-at="2020-11-26T09:11:43Z" name="CarE2E" finished-at="2020-11-26T09:11:57Z" duration-ms="14612" status="PASS">
          <reporter-output>
          </reporter-output>
        </test-method> <!-- CarE2E -->
        <test-method is-config="true" signature="setUp()[pri:0, instance:testcases.CarTests@38364841]" started-at="2020-11-26T09:11:43Z" name="setUp" finished-at="2020-11-26T09:11:43Z" duration-ms="0" status="PASS">
          <reporter-output>
          </reporter-output>
        </test-method> <!-- setUp -->
        <test-method is-config="true" signature="tearDownScreenshot(org.testng.ITestResult)[pri:0, instance:testcases.CarTests@38364841]" started-at="2020-11-26T09:11:57Z" name="tearDownScreenshot" finished-at="2020-11-26T09:11:58Z" duration-ms="533" status="PASS">
          <params>
            <param index="0">
              <value>
                <![CDATA[[TestResult name=CarE2E status=SUCCESS method=CarTests.CarE2E()[pri:1, instance:testcases.CarTests@38364841] output={null}]]]>
              </value>
            </param>
          </params>
          <reporter-output>
          </reporter-output>
        </test-method> <!-- tearDownScreenshot -->
        <test-method is-config="true" signature="quitDriver()[pri:0, instance:testcases.CarTests@38364841]" started-at="2020-11-26T09:11:58Z" name="quitDriver" finished-at="2020-11-26T09:11:58Z" duration-ms="1" status="PASS">
          <reporter-output>
          </reporter-output>
        </test-method> <!-- quitDriver -->
      </class> <!-- testcases.CarTests -->
    </test> <!-- AppiumMaven -->
  </suite> <!-- Default Suite -->
</testng-results>
